#
# A fatal error has been detected by the Java Runtime Environment:
#
#  EXCEPTION_ACCESS_VIOLATION (0xc0000005) at pc=0x00007ffb91fcc340, pid=16744, tid=6156
#
# JRE version: OpenJDK Runtime Environment Temurin-21.0.8+9 (21.0.8+9) (build 21.0.8+9-LTS)
# Java VM: OpenJDK 64-Bit Server VM Temurin-21.0.8+9 (21.0.8+9-LTS, mixed mode, sharing, tiered, compressed oops, compressed class ptrs, parallel gc, windows-amd64)
# Problematic frame:
# V  [jvm.dll+0x22c340]
#
# No core dump will be written. Minidumps are not enabled by default on client versions of Windows
#
# If you would like to submit a bug report, please visit:
#   https://github.com/adoptium/adoptium-support/issues
#

---------------  S U M M A R Y ------------

Command Line: --add-modules=ALL-SYSTEM --add-opens=java.base/java.util=ALL-UNNAMED --add-opens=java.base/java.lang=ALL-UNNAMED --add-opens=java.base/sun.nio.fs=ALL-UNNAMED -Declipse.application=org.eclipse.jdt.ls.core.id1 -Dosgi.bundles.defaultStartLevel=4 -Declipse.product=org.eclipse.jdt.ls.core.product -Djava.import.generatesMetadataFilesAtProjectRoot=false -DDetectVMInstallationsJob.disabled=true -Dfile.encoding=utf8 -XX:+UseParallelGC -XX:GCTimeRatio=4 -XX:AdaptiveSizePolicyWeight=90 -Dsun.zip.disableMemoryMapping=true -Xmx2G -Xms100m -Xlog:disable -javaagent:c:\Users\HP\.vscode\extensions\redhat.java-1.45.0-win32-x64\lombok\lombok-1.18.39-4050.jar -XX:+HeapDumpOnOutOfMemoryError -XX:HeapDumpPath=c:\Users\HP\AppData\Roaming\Code\User\workspaceStorage\96bb7b7df42f0da9f61a0eda5ae826f9\redhat.java -Daether.dependencyCollector.impl=bf c:\Users\HP\.vscode\extensions\redhat.java-1.45.0-win32-x64\server\plugins\org.eclipse.equinox.launcher_1.7.0.v20250519-0528.jar -configuration c:\Users\HP\AppData\Roaming\Code\User\globalStorage\redhat.java\1.45.0\config_win -data c:\Users\HP\AppData\Roaming\Code\User\workspaceStorage\96bb7b7df42f0da9f61a0eda5ae826f9\redhat.java\jdt_ws --pipe=\\.\pipe\lsp-7da38b08a33ef066a54f3ead473dd44e-sock

Host: Intel(R) Core(TM) i5-7200U CPU @ 2.50GHz, 4 cores, 15G,  Windows 10 , 64 bit Build 19041 (10.0.19041.5915)
Time: Fri Sep 12 09:59:59 2025 Myanmar Standard Time elapsed time: 10.659267 seconds (0d 0h 0m 10s)

---------------  T H R E A D  ---------------

Current thread (0x0000018062034490):  JavaThread "C2 CompilerThread0" daemon [_thread_in_native, id=6156, stack(0x00000035cba00000,0x00000035cbb00000) (1024K)]


Current CompileTask:
C2:10659 4297   !   4       org.eclipse.osgi.internal.loader.classpath.ClasspathManager::findClassImpl (343 bytes)

Stack: [0x00000035cba00000,0x00000035cbb00000],  sp=0x00000035cbafcc30,  free space=1011k
Native frames: (J=compiled Java code, j=interpreted, Vv=VM code, C=native code)
V  [jvm.dll+0x22c340]
V  [jvm.dll+0x22a653]
V  [jvm.dll+0x229c67]
V  [jvm.dll+0x229cd6]
V  [jvm.dll+0x1e1483]
V  [jvm.dll+0x249022]
V  [jvm.dll+0x2484af]
V  [jvm.dll+0x1c89ee]
V  [jvm.dll+0x257d4d]
V  [jvm.dll+0x2562ea]
V  [jvm.dll+0x3f2d16]
V  [jvm.dll+0x857e6b]
V  [jvm.dll+0x6d0b0d]
C  [ucrtbase.dll+0x21bb2]
C  [KERNEL32.DLL+0x17374]
C  [ntdll.dll+0x4cc91]


siginfo: EXCEPTION_ACCESS_VIOLATION (0xc0000005), writing address 0x00007ffb9283d508


Registers:
RAX=0x28207325756c6c25, RBX=0x000001807fa29ad0, RCX=0x0000000000000001, RDX=0x28207325756c6c25
RSP=0x00000035cbafcc30, RBP=0x00000035cbafcc80, RSI=0x00000000000021c4, RDI=0x0000000000000000
R8 =0x0000002000000000, R9 =0x00007ffb9283d500, R10=0x00000180426f7558, R11=0x000001807f8dbf70
R12=0x0000000000000065, R13=0x0000000000000065, R14=0x00000035cbafd010, R15=0x000001807fa965c0
RIP=0x00007ffb91fcc340, EFLAGS=0x0000000000010202

XMM[0]=0x0000000000000000 0x0000000000000000
XMM[1]=0x0000000000000000 0x0000000000000000
XMM[2]=0x0000000000000000 0x3f1b981740000000
XMM[3]=0x0000000000000000 0x3fc435e507600000
XMM[4]=0x0000000000000000 0x0000000000000000
XMM[5]=0x0000000000000000 0x0000000000000000
XMM[6]=0x0000000000000000 0x0000000000000000
XMM[7]=0x0000000000000000 0x0000000000000000
XMM[8]=0x0000000000000000 0x0000000000000000
XMM[9]=0x0000000000000000 0x0000000000000000
XMM[10]=0x0000000000000000 0x0000000000000000
XMM[11]=0x0000000000000000 0x0000000000000000
XMM[12]=0x0000000000000000 0x0000000000000000
XMM[13]=0x0000000000000000 0x0000000000000000
XMM[14]=0x0000000000000000 0x0000000000000000
XMM[15]=0x0000000000000000 0x0000000000000000
  MXCSR=0x00001fa0


Register to memory mapping:

RAX=0x28207325756c6c25 is an unknown value
RBX=0x000001807fa29ad0 points into unknown readable memory: 0x000000220000000e | 0e 00 00 00 22 00 00 00
RCX=0x0000000000000001 is an unknown value
RDX=0x28207325756c6c25 is an unknown value
RSP=0x00000035cbafcc30 is pointing into the stack for thread: 0x0000018062034490
RBP=0x00000035cbafcc80 is pointing into the stack for thread: 0x0000018062034490
RSI=0x00000000000021c4 is an unknown value
RDI=0x0 is null
R8 =0x0000002000000000 is an unknown value
R9 =0x00007ffb9283d500 jvm.dll
R10=0x00000180426f7558 points into unknown readable memory: 0x0000000000008000 | 00 80 00 00 00 00 00 00
R11=0x000001807f8dbf70 points into unknown readable memory: 0x0000002b0000000a | 0a 00 00 00 2b 00 00 00
R12=0x0000000000000065 is an unknown value
R13=0x0000000000000065 is an unknown value
R14=0x00000035cbafd010 is pointing into the stack for thread: 0x0000018062034490
R15=0x000001807fa965c0 points into unknown readable memory: 0x402a02ded6294390 | 90 43 29 d6 de 02 2a 40

Top of Stack: (sp=0x00000035cbafcc30)
0x00000035cbafcc30:   000001807f93a1b0 00000035cbafcc80
0x00000035cbafcc40:   00000000000009cf 0000000300002a9c
0x00000035cbafcc50:   0000000000000000 00000004000021c4
0x00000035cbafcc60:   0000002b00000022 00000180426f6b80
0x00000035cbafcc70:   000001807f4f10c0 00000035cbafd030
0x00000035cbafcc80:   0000000000185e60 0000018042000cb0
0x00000035cbafcc90:   0000018042000cb0 0000000000000065
0x00000035cbafcca0:   000001807fa3a790 0000000000004570
0x00000035cbafccb0:   00000035cbafd010 00007ffb91fca653
0x00000035cbafccc0:   0000000000000025 0000000000000065
0x00000035cbafccd0:   000001807f8dbf70 000001807fa965c0
0x00000035cbafcce0:   000001807fa3a790 00000035cbafcd30
0x00000035cbafccf0:   0000018041f8a840 0000018041f8a840
0x00000035cbafcd00:   000001807f1b5100 0000003500000001
0x00000035cbafcd10:   000001807ee9a000 0000018042000cb0
0x00000035cbafcd20:   000001807ee9a000 0000000000000020
0x00000035cbafcd30:   0000000005555455 0000000000000000
0x00000035cbafcd40:   0000000000000000 0000000000000000
0x00000035cbafcd50:   0000000000000000 0000000000000000
0x00000035cbafcd60:   0000000000000000 0000000000000000
0x00000035cbafcd70:   0000000000000000 0000000000000000
0x00000035cbafcd80:   0000000000000000 0000000000000000
0x00000035cbafcd90:   0000018062087df0 000001807f2edaa0
0x00000035cbafcda0:   0000000000000001 0000018062087e00
0x00000035cbafcdb0:   0000000000000001 0000018041411000
0x00000035cbafcdc0:   00000035cbafd010 00007ffb91fc9c67
0x00000035cbafcdd0:   0000000000000003 0000000000002372
0x00000035cbafcde0:   00000035cbafd010 0000018041411000
0x00000035cbafcdf0:   00007ffb00000001 00007ffb91fe8a22
0x00000035cbafce00:   00000180620881d8 00007ffb91fc9cd6
0x00000035cbafce10:   00000035cbafd010 000000000000004f
0x00000035cbafce20:   00000035cbafd390 00000035cbafcf40 

Instructions: (pc=0x00007ffb91fcc340)
0x00007ffb91fcc240:   00 29 43 34 44 8b 45 d8 48 8b 55 d0 e9 26 ff ff
0x00007ffb91fcc250:   ff 44 8b 6d 48 41 39 7e 20 49 8d 4e 20 0f 84 1e
0x00007ffb91fcc260:   01 00 00 8b 41 04 4c 8b 7d 58 89 45 e4 48 8b 41
0x00007ffb91fcc270:   08 48 89 45 f0 48 89 7d d0 89 7d d8 48 c7 45 dc
0x00007ffb91fcc280:   04 00 00 00 48 89 7d e8 48 89 4d f8 48 8d 15 6d
0x00007ffb91fcc290:   12 a7 00 48 85 ff 74 1a 48 0f bc c7 8b c8 48 d3
0x00007ffb91fcc2a0:   ef 8b 4d d8 48 ff cf 03 c8 48 89 7d d0 89 4d d8
0x00007ffb91fcc2b0:   eb 28 83 7d dc 04 72 0c 8b 45 e4 39 45 e0 0f 83
0x00007ffb91fcc2c0:   bd 00 00 00 48 8d 4d d0 e8 63 1d 19 00 48 8b 7d
0x00007ffb91fcc2d0:   d0 48 8d 15 28 12 a7 00 8b c8 85 c9 0f 84 9f 00
0x00007ffb91fcc2e0:   00 00 49 8b 46 18 8b f1 48 8b 48 70 48 8d 1c b6
0x00007ffb91fcc2f0:   48 c1 e3 05 48 03 59 10 45 85 ed 74 96 48 8b 43
0x00007ffb91fcc300:   08 49 8b cc 48 c1 e9 08 4c 8b 0c c8 4c 3b ca 75
0x00007ffb91fcc310:   0e 41 8b d5 48 8b cb e8 d4 1e 19 00 4c 8b c8 48
0x00007ffb91fcc320:   8b 4d 40 41 b8 01 00 00 00 49 d3 e0 49 8b cc 48
0x00007ffb91fcc330:   c1 e9 06 83 e1 03 49 8b 14 c9 48 8b c2 49 0b c0
0x00007ffb91fcc340:   49 89 04 c9 49 85 d0 74 09 48 8b 7d d0 e9 3a ff
0x00007ffb91fcc350:   ff ff ff 03 49 8b 46 18 48 69 ce b0 00 00 00 48
0x00007ffb91fcc360:   8b 40 70 48 8b 58 20 48 03 d9 49 8b cf 48 8b d3
0x00007ffb91fcc370:   e8 db c8 18 00 01 43 34 48 8b 7d d0 e9 0b ff ff
0x00007ffb91fcc380:   ff 48 8b 9c 24 a0 00 00 00 48 83 c4 50 41 5f 41
0x00007ffb91fcc390:   5e 41 5d 41 5c 5f 5e 5d c3 cc cc cc cc cc cc cc
0x00007ffb91fcc3a0:   48 83 ec 28 8b 05 4e e7 a8 00 83 f8 02 74 15 48
0x00007ffb91fcc3b0:   8b 0d e2 62 a8 00 e8 b5 3d 47 00 84 c0 75 05 48
0x00007ffb91fcc3c0:   83 c4 28 c3 b0 01 48 83 c4 28 c3 cc cc cc cc cc
0x00007ffb91fcc3d0:   48 83 ec 28 48 8b 01 ff 50 10 84 c0 74 07 32 c0
0x00007ffb91fcc3e0:   48 83 c4 28 c3 48 8b 0d ac 62 a8 00 e8 ff 3c 47
0x00007ffb91fcc3f0:   00 b0 01 48 83 c4 28 c3 cc cc cc cc cc cc cc cc
0x00007ffb91fcc400:   48 8b 0d 91 62 a8 00 e9 84 3e 47 00 cc cc cc cc
0x00007ffb91fcc410:   8b 05 4a 55 a0 00 4d 63 d0 48 89 51 40 44 89 51
0x00007ffb91fcc420:   48 44 8d 48 6f c7 41 4c 60 00 00 00 f7 d8 c7 41
0x00007ffb91fcc430:   50 ff ff ff ff 44 23 c8 44 89 51 54 48 8d 41 60 


Stack slot to memory mapping:

stack at sp + 0 slots: 0x000001807f93a1b0 points into unknown readable memory: 0x0000002b0000000a | 0a 00 00 00 2b 00 00 00
stack at sp + 1 slots: 0x00000035cbafcc80 is pointing into the stack for thread: 0x0000018062034490
stack at sp + 2 slots: 0x00000000000009cf is an unknown value
stack at sp + 3 slots: 0x0000000300002a9c is an unknown value
stack at sp + 4 slots: 0x0 is null
stack at sp + 5 slots: 0x00000004000021c4 is an unknown value
stack at sp + 6 slots: 0x0000002b00000022 is an unknown value
stack at sp + 7 slots: 0x00000180426f6b80 points into unknown readable memory: 0x0000000000000000 | 00 00 00 00 00 00 00 00


---------------  P R O C E S S  ---------------

Threads class SMR info:
_java_thread_list=0x0000018041729eb0, length=25, elements={
0x0000018062140480, 0x0000018062028bc0, 0x000001806202c3d0, 0x000001806202e030,
0x000001806202ef40, 0x0000018062032c10, 0x0000018062033660, 0x0000018062034490,
0x00000180620a6990, 0x00000180621af6e0, 0x0000018079876fe0, 0x000001807e6f6b80,
0x000001807e3c8790, 0x000001807e499620, 0x000001807e435340, 0x000001807e85f000,
0x000001807ee038f0, 0x000001807e732150, 0x000001807e4458a0, 0x000001807e445f30,
0x000001807e448690, 0x000001807e4465c0, 0x000001807e446c50, 0x000001807eeeedc0,
0x000001807e448000
}

Java Threads: ( => current thread )
  0x0000018062140480 JavaThread "main"                              [_thread_blocked, id=11276, stack(0x00000035caf00000,0x00000035cb000000) (1024K)]
  0x0000018062028bc0 JavaThread "Reference Handler"          daemon [_thread_blocked, id=4988, stack(0x00000035cb400000,0x00000035cb500000) (1024K)]
  0x000001806202c3d0 JavaThread "Finalizer"                  daemon [_thread_blocked, id=3076, stack(0x00000035cb500000,0x00000035cb600000) (1024K)]
  0x000001806202e030 JavaThread "Signal Dispatcher"          daemon [_thread_blocked, id=12204, stack(0x00000035cb600000,0x00000035cb700000) (1024K)]
  0x000001806202ef40 JavaThread "Attach Listener"            daemon [_thread_blocked, id=15940, stack(0x00000035cb700000,0x00000035cb800000) (1024K)]
  0x0000018062032c10 JavaThread "Service Thread"             daemon [_thread_blocked, id=16024, stack(0x00000035cb800000,0x00000035cb900000) (1024K)]
  0x0000018062033660 JavaThread "Monitor Deflation Thread"   daemon [_thread_blocked, id=15096, stack(0x00000035cb900000,0x00000035cba00000) (1024K)]
=>0x0000018062034490 JavaThread "C2 CompilerThread0"         daemon [_thread_in_native, id=6156, stack(0x00000035cba00000,0x00000035cbb00000) (1024K)]
  0x00000180620a6990 JavaThread "C1 CompilerThread0"         daemon [_thread_blocked, id=5412, stack(0x00000035cbb00000,0x00000035cbc00000) (1024K)]
  0x00000180621af6e0 JavaThread "Common-Cleaner"             daemon [_thread_blocked, id=17276, stack(0x00000035cbc00000,0x00000035cbd00000) (1024K)]
  0x0000018079876fe0 JavaThread "Notification Thread"        daemon [_thread_blocked, id=11732, stack(0x00000035cbd00000,0x00000035cbe00000) (1024K)]
  0x000001807e6f6b80 JavaThread "Active Thread: Equinox Container: d8d390e3-0f6b-4d44-8455-c39dfadaa1e3"        [_thread_blocked, id=11804, stack(0x00000035cc200000,0x00000035cc300000) (1024K)]
  0x000001807e3c8790 JavaThread "Refresh Thread: Equinox Container: d8d390e3-0f6b-4d44-8455-c39dfadaa1e3" daemon [_thread_blocked, id=14116, stack(0x00000035cc300000,0x00000035cc400000) (1024K)]
  0x000001807e499620 JavaThread "Framework Event Dispatcher: Equinox Container: d8d390e3-0f6b-4d44-8455-c39dfadaa1e3" daemon [_thread_blocked, id=16636, stack(0x00000035cbe00000,0x00000035cbf00000) (1024K)]
  0x000001807e435340 JavaThread "Start Level: Equinox Container: d8d390e3-0f6b-4d44-8455-c39dfadaa1e3" daemon [_thread_blocked, id=9800, stack(0x00000035cc400000,0x00000035cc500000) (1024K)]
  0x000001807e85f000 JavaThread "Bundle File Closer"         daemon [_thread_blocked, id=3848, stack(0x00000035cc600000,0x00000035cc700000) (1024K)]
  0x000001807ee038f0 JavaThread "SCR Component Actor"        daemon [_thread_blocked, id=14560, stack(0x00000035cc700000,0x00000035cc800000) (1024K)]
  0x000001807e732150 JavaThread "SCR Component Registry"     daemon [_thread_blocked, id=12792, stack(0x00000035cc500000,0x00000035cc600000) (1024K)]
  0x000001807e4458a0 JavaThread "Worker-JM"                         [_thread_blocked, id=1448, stack(0x00000035cc800000,0x00000035cc900000) (1024K)]
  0x000001807e445f30 JavaThread "JNA Cleaner"                daemon [_thread_blocked, id=3444, stack(0x00000035cc900000,0x00000035cca00000) (1024K)]
  0x000001807e448690 JavaThread "Worker-0: Repository registry initialization"        [_thread_blocked, id=16796, stack(0x00000035cca00000,0x00000035ccb00000) (1024K)]
  0x000001807e4465c0 JavaThread "Worker-1"                          [_thread_blocked, id=17380, stack(0x00000035ccb00000,0x00000035ccc00000) (1024K)]
  0x000001807e446c50 JavaThread "Worker-2"                          [_thread_blocked, id=1912, stack(0x00000035ccc00000,0x00000035ccd00000) (1024K)]
  0x000001807eeeedc0 JavaThread "C2 CompilerThread1"         daemon [_thread_in_native, id=4040, stack(0x00000035ccd00000,0x00000035cce00000) (1024K)]
  0x000001807e448000 JavaThread "Java indexing"              daemon [_thread_new, id=7072, stack(0x0000000000000000,0x0000000000000000) (0B)]
Total: 25

Other Threads:
  0x00000180621feda0 VMThread "VM Thread"                           [id=744, stack(0x00000035cb300000,0x00000035cb400000) (1024K)] _threads_hazard_ptr=0x0000018041729eb0
  0x00000180621ae080 WatcherThread "VM Periodic Task Thread"        [id=11388, stack(0x00000035cb200000,0x00000035cb300000) (1024K)]
  0x0000018062160850 WorkerThread "GC Thread#0"                     [id=7800, stack(0x00000035cb100000,0x00000035cb200000) (1024K)]
  0x000001807e0c6020 WorkerThread "GC Thread#1"                     [id=4344, stack(0x00000035cbf00000,0x00000035cc000000) (1024K)]
  0x000001807e1781f0 WorkerThread "GC Thread#2"                     [id=16948, stack(0x00000035cc000000,0x00000035cc100000) (1024K)]
  0x000001807e178590 WorkerThread "GC Thread#3"                     [id=636, stack(0x00000035cc100000,0x00000035cc200000) (1024K)]
Total: 6

Threads with active compile tasks:
C2 CompilerThread0  10842 4297   !   4       org.eclipse.osgi.internal.loader.classpath.ClasspathManager::findClassImpl (343 bytes)
C2 CompilerThread1  10843 4324       4       org.lombokweb.asm.ClassReader::readMethod (1070 bytes)
Total: 2

VM state: not at safepoint (normal execution)

VM Mutex/Monitor currently owned by a thread: None

Heap address: 0x0000000080000000, size: 2048 MB, Compressed Oops mode: 32-bit

CDS archive(s) mapped at: [0x0000018000000000-0x0000018000ba0000-0x0000018000ba0000), size 12189696, SharedBaseAddress: 0x0000018000000000, ArchiveRelocationMode: 1.
Compressed class space mapped at: 0x0000018001000000-0x0000018041000000, reserved size: 1073741824
Narrow klass base: 0x0000018000000000, Narrow klass shift: 0, Narrow klass range: 0x100000000

GC Precious Log:
 CardTable entry size: 512
 CPUs: 4 total, 4 available
 Memory: 16277M
 Large Page Support: Disabled
 NUMA Support: Disabled
 Compressed Oops: Enabled (32-bit)
 Alignments: Space 512K, Generation 512K, Heap 2M
 Heap Min Capacity: 100M
 Heap Initial Capacity: 100M
 Heap Max Capacity: 2G
 Pre-touch: Disabled
 Parallel Workers: 4

Heap:
 PSYoungGen      total 25088K, used 22593K [0x00000000d5580000, 0x00000000d7380000, 0x0000000100000000)
  eden space 23040K, 90% used [0x00000000d5580000,0x00000000d69c4290,0x00000000d6c00000)
  from space 2048K, 89% used [0x00000000d7180000,0x00000000d734c440,0x00000000d7380000)
  to   space 2048K, 0% used [0x00000000d6f80000,0x00000000d6f80000,0x00000000d7180000)
 ParOldGen       total 68608K, used 14488K [0x0000000080000000, 0x0000000084300000, 0x00000000d5580000)
  object space 68608K, 21% used [0x0000000080000000,0x0000000080e262b8,0x0000000084300000)
 Metaspace       used 30595K, committed 31616K, reserved 1114112K
  class space    used 3127K, committed 3520K, reserved 1048576K

Card table byte_map: [0x0000018061af0000,0x0000018061f00000] _byte_map_base: 0x00000180616f0000

Marking Bits: (ParMarkBitMap*) 0x00007ffb92a5a340
 Begin Bits: [0x00000180745f0000, 0x00000180765f0000)
 End Bits:   [0x00000180765f0000, 0x00000180785f0000)

Polling page: 0x000001805fe70000

Metaspace:

Usage:
  Non-class:     26.82 MB used.
      Class:      3.05 MB used.
       Both:     29.88 MB used.

Virtual space:
  Non-class space:       64.00 MB reserved,      27.44 MB ( 43%) committed,  1 nodes.
      Class space:        1.00 GB reserved,       3.44 MB ( <1%) committed,  1 nodes.
             Both:        1.06 GB reserved,      30.88 MB (  3%) committed. 

Chunk freelists:
   Non-Class:  3.78 MB
       Class:  12.38 MB
        Both:  16.16 MB

MaxMetaspaceSize: unlimited
CompressedClassSpaceSize: 1.00 GB
Initial GC threshold: 21.00 MB
Current GC threshold: 35.00 MB
CDS: on
 - commit_granule_bytes: 65536.
 - commit_granule_words: 8192.
 - virtual_space_node_default_size: 8388608.
 - enlarge_chunks_in_place: 1.
 - use_allocation_guard: 0.


Internal statistics:

num_allocs_failed_limit: 3.
num_arena_births: 844.
num_arena_deaths: 14.
num_vsnodes_births: 2.
num_vsnodes_deaths: 0.
num_space_committed: 494.
num_space_uncommitted: 0.
num_chunks_returned_to_freelist: 17.
num_chunks_taken_from_freelist: 2127.
num_chunk_merges: 7.
num_chunk_splits: 1353.
num_chunks_enlarged: 808.
num_inconsistent_stats: 0.

CodeHeap 'non-profiled nmethods': size=120000Kb used=2023Kb max_used=2023Kb free=117976Kb
 bounds [0x000001806ce10000, 0x000001806d080000, 0x0000018074340000]
CodeHeap 'profiled nmethods': size=120000Kb used=9369Kb max_used=9369Kb free=110630Kb
 bounds [0x0000018065340000, 0x0000018065c70000, 0x000001806c870000]
CodeHeap 'non-nmethods': size=5760Kb used=1338Kb max_used=1367Kb free=4421Kb
 bounds [0x000001806c870000, 0x000001806cae0000, 0x000001806ce10000]
CodeCache: size=245760Kb, used=12730Kb, max_used=12759Kb, free=233027Kb
 total_blobs=5071, nmethods=4443, adapters=534, full_count=0
Compilation: enabled, stopped_count=0, restarted_count=0

Compilation events (20 events):
Event: 10.485 Thread 0x00000180620a6990 4444       3       java.lang.reflect.Constructor::setConstructorAccessor (20 bytes)
Event: 10.485 Thread 0x00000180620a6990 nmethod 4444 0x0000018065c62310 code [0x0000018065c624c0, 0x0000018065c62700]
Event: 10.486 Thread 0x00000180620a6990 4446       3       jdk.internal.org.objectweb.asm.Frame::merge (395 bytes)
Event: 10.488 Thread 0x00000180620a6990 nmethod 4446 0x0000018065c62810 code [0x0000018065c62ac0, 0x0000018065c637a0]
Event: 10.488 Thread 0x00000180620a6990 4447       1       java.lang.reflect.Method::getSharedExceptionTypes (5 bytes)
Event: 10.488 Thread 0x00000180620a6990 nmethod 4447 0x000001806d009490 code [0x000001806d009620, 0x000001806d0096e8]
Event: 10.488 Thread 0x00000180620a6990 4448       2       java.util.HashSet::add (20 bytes)
Event: 10.488 Thread 0x00000180620a6990 nmethod 4448 0x0000018065c63e10 code [0x0000018065c63fc0, 0x0000018065c64110]
Event: 10.501 Thread 0x00000180620a6990 4449       3       java.nio.HeapByteBuffer::getShort (29 bytes)
Event: 10.502 Thread 0x00000180620a6990 nmethod 4449 0x0000018065c64190 code [0x0000018065c64400, 0x0000018065c64df0]
Event: 10.502 Thread 0x00000180620a6990 4450   !   3       jdk.internal.misc.ScopedMemoryAccess::getShortUnaligned (18 bytes)
Event: 10.503 Thread 0x00000180620a6990 nmethod 4450 0x0000018065c65210 code [0x0000018065c65400, 0x0000018065c65928]
Event: 10.503 Thread 0x00000180620a6990 4451   !   3       jdk.internal.misc.ScopedMemoryAccess::getShortUnalignedInternal (36 bytes)
Event: 10.503 Thread 0x00000180620a6990 nmethod 4451 0x0000018065c65c10 code [0x0000018065c65de0, 0x0000018065c66198]
Event: 10.504 Thread 0x00000180620a6990 4452       2       java.util.Objects::equals (23 bytes)
Event: 10.504 Thread 0x00000180620a6990 nmethod 4452 0x0000018065c66390 code [0x0000018065c66540, 0x0000018065c66690]
Event: 10.507 Thread 0x00000180620a6990 4453       1       java.lang.StackTraceElement::getClassName (5 bytes)
Event: 10.507 Thread 0x00000180620a6990 nmethod 4453 0x000001806d009790 code [0x000001806d009920, 0x000001806d0099e8]
Event: 10.508 Thread 0x00000180620a6990 4454       1       jdk.internal.loader.AbstractClassLoaderValue$Sub::parent (5 bytes)
Event: 10.508 Thread 0x00000180620a6990 nmethod 4454 0x000001806d009a90 code [0x000001806d009c20, 0x000001806d009ce8]

GC Heap History (20 events):
Event: 4.118 GC heap before
{Heap before GC invocations=2 (full 0):
 PSYoungGen      total 29696K, used 28967K [0x00000000d5580000, 0x00000000d7680000, 0x0000000100000000)
  eden space 25600K, 100% used [0x00000000d5580000,0x00000000d6e80000,0x00000000d6e80000)
  from space 4096K, 82% used [0x00000000d6e80000,0x00000000d71c9e18,0x00000000d7280000)
  to   space 4096K, 0% used [0x00000000d7280000,0x00000000d7280000,0x00000000d7680000)
 ParOldGen       total 68608K, used 8K [0x0000000080000000, 0x0000000084300000, 0x00000000d5580000)
  object space 68608K, 0% used [0x0000000080000000,0x0000000080002000,0x0000000084300000)
 Metaspace       used 8032K, committed 8320K, reserved 1114112K
  class space    used 841K, committed 960K, reserved 1048576K
}
Event: 4.128 GC heap after
{Heap after GC invocations=2 (full 0):
 PSYoungGen      total 29696K, used 4087K [0x00000000d5580000, 0x00000000d7680000, 0x0000000100000000)
  eden space 25600K, 0% used [0x00000000d5580000,0x00000000d5580000,0x00000000d6e80000)
  from space 4096K, 99% used [0x00000000d7280000,0x00000000d767de28,0x00000000d7680000)
  to   space 4096K, 0% used [0x00000000d6e80000,0x00000000d6e80000,0x00000000d7280000)
 ParOldGen       total 68608K, used 1822K [0x0000000080000000, 0x0000000084300000, 0x00000000d5580000)
  object space 68608K, 2% used [0x0000000080000000,0x00000000801c7b80,0x0000000084300000)
 Metaspace       used 8032K, committed 8320K, reserved 1114112K
  class space    used 841K, committed 960K, reserved 1048576K
}
Event: 4.847 GC heap before
{Heap before GC invocations=3 (full 0):
 PSYoungGen      total 29696K, used 29687K [0x00000000d5580000, 0x00000000d7680000, 0x0000000100000000)
  eden space 25600K, 100% used [0x00000000d5580000,0x00000000d6e80000,0x00000000d6e80000)
  from space 4096K, 99% used [0x00000000d7280000,0x00000000d767de28,0x00000000d7680000)
  to   space 4096K, 0% used [0x00000000d6e80000,0x00000000d6e80000,0x00000000d7280000)
 ParOldGen       total 68608K, used 1822K [0x0000000080000000, 0x0000000084300000, 0x00000000d5580000)
  object space 68608K, 2% used [0x0000000080000000,0x00000000801c7b80,0x0000000084300000)
 Metaspace       used 9416K, committed 9728K, reserved 1114112K
  class space    used 1002K, committed 1152K, reserved 1048576K
}
Event: 4.856 GC heap after
{Heap after GC invocations=3 (full 0):
 PSYoungGen      total 29696K, used 4083K [0x00000000d5580000, 0x00000000d7680000, 0x0000000100000000)
  eden space 25600K, 0% used [0x00000000d5580000,0x00000000d5580000,0x00000000d6e80000)
  from space 4096K, 99% used [0x00000000d6e80000,0x00000000d727ce18,0x00000000d7280000)
  to   space 4096K, 0% used [0x00000000d7280000,0x00000000d7280000,0x00000000d7680000)
 ParOldGen       total 68608K, used 5151K [0x0000000080000000, 0x0000000084300000, 0x00000000d5580000)
  object space 68608K, 7% used [0x0000000080000000,0x0000000080507d30,0x0000000084300000)
 Metaspace       used 9416K, committed 9728K, reserved 1114112K
  class space    used 1002K, committed 1152K, reserved 1048576K
}
Event: 5.818 GC heap before
{Heap before GC invocations=4 (full 0):
 PSYoungGen      total 29696K, used 29683K [0x00000000d5580000, 0x00000000d7680000, 0x0000000100000000)
  eden space 25600K, 100% used [0x00000000d5580000,0x00000000d6e80000,0x00000000d6e80000)
  from space 4096K, 99% used [0x00000000d6e80000,0x00000000d727ce18,0x00000000d7280000)
  to   space 4096K, 0% used [0x00000000d7280000,0x00000000d7280000,0x00000000d7680000)
 ParOldGen       total 68608K, used 5151K [0x0000000080000000, 0x0000000084300000, 0x00000000d5580000)
  object space 68608K, 7% used [0x0000000080000000,0x0000000080507d30,0x0000000084300000)
 Metaspace       used 12176K, committed 12544K, reserved 1114112K
  class space    used 1295K, committed 1472K, reserved 1048576K
}
Event: 5.824 GC heap after
{Heap after GC invocations=4 (full 0):
 PSYoungGen      total 29696K, used 4075K [0x00000000d5580000, 0x00000000d7680000, 0x0000000100000000)
  eden space 25600K, 0% used [0x00000000d5580000,0x00000000d5580000,0x00000000d6e80000)
  from space 4096K, 99% used [0x00000000d7280000,0x00000000d767ade8,0x00000000d7680000)
  to   space 4096K, 0% used [0x00000000d6e80000,0x00000000d6e80000,0x00000000d7280000)
 ParOldGen       total 68608K, used 6868K [0x0000000080000000, 0x0000000084300000, 0x00000000d5580000)
  object space 68608K, 10% used [0x0000000080000000,0x00000000806b5228,0x0000000084300000)
 Metaspace       used 12176K, committed 12544K, reserved 1114112K
  class space    used 1295K, committed 1472K, reserved 1048576K
}
Event: 7.212 GC heap before
{Heap before GC invocations=5 (full 0):
 PSYoungGen      total 29696K, used 29675K [0x00000000d5580000, 0x00000000d7680000, 0x0000000100000000)
  eden space 25600K, 100% used [0x00000000d5580000,0x00000000d6e80000,0x00000000d6e80000)
  from space 4096K, 99% used [0x00000000d7280000,0x00000000d767ade8,0x00000000d7680000)
  to   space 4096K, 0% used [0x00000000d6e80000,0x00000000d6e80000,0x00000000d7280000)
 ParOldGen       total 68608K, used 6868K [0x0000000080000000, 0x0000000084300000, 0x00000000d5580000)
  object space 68608K, 10% used [0x0000000080000000,0x00000000806b5228,0x0000000084300000)
 Metaspace       used 15327K, committed 15872K, reserved 1114112K
  class space    used 1578K, committed 1792K, reserved 1048576K
}
Event: 7.218 GC heap after
{Heap after GC invocations=5 (full 0):
 PSYoungGen      total 29184K, used 4087K [0x00000000d5580000, 0x00000000d7900000, 0x0000000100000000)
  eden space 25088K, 0% used [0x00000000d5580000,0x00000000d5580000,0x00000000d6e00000)
  from space 4096K, 99% used [0x00000000d6e80000,0x00000000d727deb8,0x00000000d7280000)
  to   space 5632K, 0% used [0x00000000d7380000,0x00000000d7380000,0x00000000d7900000)
 ParOldGen       total 68608K, used 7925K [0x0000000080000000, 0x0000000084300000, 0x00000000d5580000)
  object space 68608K, 11% used [0x0000000080000000,0x00000000807bd778,0x0000000084300000)
 Metaspace       used 15327K, committed 15872K, reserved 1114112K
  class space    used 1578K, committed 1792K, reserved 1048576K
}
Event: 8.223 GC heap before
{Heap before GC invocations=6 (full 0):
 PSYoungGen      total 29184K, used 29175K [0x00000000d5580000, 0x00000000d7900000, 0x0000000100000000)
  eden space 25088K, 100% used [0x00000000d5580000,0x00000000d6e00000,0x00000000d6e00000)
  from space 4096K, 99% used [0x00000000d6e80000,0x00000000d727deb8,0x00000000d7280000)
  to   space 5632K, 0% used [0x00000000d7380000,0x00000000d7380000,0x00000000d7900000)
 ParOldGen       total 68608K, used 7925K [0x0000000080000000, 0x0000000084300000, 0x00000000d5580000)
  object space 68608K, 11% used [0x0000000080000000,0x00000000807bd778,0x0000000084300000)
 Metaspace       used 18582K, committed 19456K, reserved 1114112K
  class space    used 1945K, committed 2304K, reserved 1048576K
}
Event: 8.233 GC heap after
{Heap after GC invocations=6 (full 0):
 PSYoungGen      total 29696K, used 4893K [0x00000000d5580000, 0x00000000d7880000, 0x0000000100000000)
  eden space 24576K, 0% used [0x00000000d5580000,0x00000000d5580000,0x00000000d6d80000)
  from space 5120K, 95% used [0x00000000d7380000,0x00000000d78474d8,0x00000000d7880000)
  to   space 5120K, 0% used [0x00000000d6e80000,0x00000000d6e80000,0x00000000d7380000)
 ParOldGen       total 68608K, used 7933K [0x0000000080000000, 0x0000000084300000, 0x00000000d5580000)
  object space 68608K, 11% used [0x0000000080000000,0x00000000807bf778,0x0000000084300000)
 Metaspace       used 18582K, committed 19456K, reserved 1114112K
  class space    used 1945K, committed 2304K, reserved 1048576K
}
Event: 8.667 GC heap before
{Heap before GC invocations=7 (full 0):
 PSYoungGen      total 29696K, used 23797K [0x00000000d5580000, 0x00000000d7880000, 0x0000000100000000)
  eden space 24576K, 76% used [0x00000000d5580000,0x00000000d67f6168,0x00000000d6d80000)
  from space 5120K, 95% used [0x00000000d7380000,0x00000000d78474d8,0x00000000d7880000)
  to   space 5120K, 0% used [0x00000000d6e80000,0x00000000d6e80000,0x00000000d7380000)
 ParOldGen       total 68608K, used 7933K [0x0000000080000000, 0x0000000084300000, 0x00000000d5580000)
  object space 68608K, 11% used [0x0000000080000000,0x00000000807bf778,0x0000000084300000)
 Metaspace       used 20572K, committed 21504K, reserved 1114112K
  class space    used 2181K, committed 2624K, reserved 1048576K
}
Event: 8.675 GC heap after
{Heap after GC invocations=7 (full 0):
 PSYoungGen      total 29184K, used 4229K [0x00000000d5580000, 0x00000000d7680000, 0x0000000100000000)
  eden space 24576K, 0% used [0x00000000d5580000,0x00000000d5580000,0x00000000d6d80000)
  from space 4608K, 91% used [0x00000000d6e80000,0x00000000d72a1530,0x00000000d7300000)
  to   space 3584K, 0% used [0x00000000d7300000,0x00000000d7300000,0x00000000d7680000)
 ParOldGen       total 68608K, used 9173K [0x0000000080000000, 0x0000000084300000, 0x00000000d5580000)
  object space 68608K, 13% used [0x0000000080000000,0x00000000808f5658,0x0000000084300000)
 Metaspace       used 20572K, committed 21504K, reserved 1114112K
  class space    used 2181K, committed 2624K, reserved 1048576K
}
Event: 8.675 GC heap before
{Heap before GC invocations=8 (full 1):
 PSYoungGen      total 29184K, used 4229K [0x00000000d5580000, 0x00000000d7680000, 0x0000000100000000)
  eden space 24576K, 0% used [0x00000000d5580000,0x00000000d5580000,0x00000000d6d80000)
  from space 4608K, 91% used [0x00000000d6e80000,0x00000000d72a1530,0x00000000d7300000)
  to   space 3584K, 0% used [0x00000000d7300000,0x00000000d7300000,0x00000000d7680000)
 ParOldGen       total 68608K, used 9173K [0x0000000080000000, 0x0000000084300000, 0x00000000d5580000)
  object space 68608K, 13% used [0x0000000080000000,0x00000000808f5658,0x0000000084300000)
 Metaspace       used 20572K, committed 21504K, reserved 1114112K
  class space    used 2181K, committed 2624K, reserved 1048576K
}
Event: 8.735 GC heap after
{Heap after GC invocations=8 (full 1):
 PSYoungGen      total 29184K, used 0K [0x00000000d5580000, 0x00000000d7680000, 0x0000000100000000)
  eden space 24576K, 0% used [0x00000000d5580000,0x00000000d5580000,0x00000000d6d80000)
  from space 4608K, 0% used [0x00000000d6e80000,0x00000000d6e80000,0x00000000d7300000)
  to   space 3584K, 0% used [0x00000000d7300000,0x00000000d7300000,0x00000000d7680000)
 ParOldGen       total 68608K, used 12769K [0x0000000080000000, 0x0000000084300000, 0x00000000d5580000)
  object space 68608K, 18% used [0x0000000080000000,0x0000000080c78740,0x0000000084300000)
 Metaspace       used 20559K, committed 21504K, reserved 1114112K
  class space    used 2177K, committed 2624K, reserved 1048576K
}
Event: 9.300 GC heap before
{Heap before GC invocations=9 (full 1):
 PSYoungGen      total 29184K, used 24576K [0x00000000d5580000, 0x00000000d7680000, 0x0000000100000000)
  eden space 24576K, 100% used [0x00000000d5580000,0x00000000d6d80000,0x00000000d6d80000)
  from space 4608K, 0% used [0x00000000d6e80000,0x00000000d6e80000,0x00000000d7300000)
  to   space 3584K, 0% used [0x00000000d7300000,0x00000000d7300000,0x00000000d7680000)
 ParOldGen       total 68608K, used 12769K [0x0000000080000000, 0x0000000084300000, 0x00000000d5580000)
  object space 68608K, 18% used [0x0000000080000000,0x0000000080c78740,0x0000000084300000)
 Metaspace       used 22434K, committed 23424K, reserved 1114112K
  class space    used 2347K, committed 2752K, reserved 1048576K
}
Event: 9.302 GC heap after
{Heap after GC invocations=9 (full 1):
 PSYoungGen      total 27136K, used 2982K [0x00000000d5580000, 0x00000000d7600000, 0x0000000100000000)
  eden space 24064K, 0% used [0x00000000d5580000,0x00000000d5580000,0x00000000d6d00000)
  from space 3072K, 97% used [0x00000000d7300000,0x00000000d75e9bc0,0x00000000d7600000)
  to   space 3584K, 0% used [0x00000000d6f00000,0x00000000d6f00000,0x00000000d7280000)
 ParOldGen       total 68608K, used 12777K [0x0000000080000000, 0x0000000084300000, 0x00000000d5580000)
  object space 68608K, 18% used [0x0000000080000000,0x0000000080c7a740,0x0000000084300000)
 Metaspace       used 22434K, committed 23424K, reserved 1114112K
  class space    used 2347K, committed 2752K, reserved 1048576K
}
Event: 9.663 GC heap before
{Heap before GC invocations=10 (full 1):
 PSYoungGen      total 27136K, used 27046K [0x00000000d5580000, 0x00000000d7600000, 0x0000000100000000)
  eden space 24064K, 100% used [0x00000000d5580000,0x00000000d6d00000,0x00000000d6d00000)
  from space 3072K, 97% used [0x00000000d7300000,0x00000000d75e9bc0,0x00000000d7600000)
  to   space 3584K, 0% used [0x00000000d6f00000,0x00000000d6f00000,0x00000000d7280000)
 ParOldGen       total 68608K, used 12777K [0x0000000080000000, 0x0000000084300000, 0x00000000d5580000)
  object space 68608K, 18% used [0x0000000080000000,0x0000000080c7a740,0x0000000084300000)
 Metaspace       used 26364K, committed 27392K, reserved 1114112K
  class space    used 2634K, committed 3072K, reserved 1048576K
}
Event: 9.665 GC heap after
{Heap after GC invocations=10 (full 1):
 PSYoungGen      total 25088K, used 1340K [0x00000000d5580000, 0x00000000d7380000, 0x0000000100000000)
  eden space 23552K, 0% used [0x00000000d5580000,0x00000000d5580000,0x00000000d6c80000)
  from space 1536K, 87% used [0x00000000d6f00000,0x00000000d704f388,0x00000000d7080000)
  to   space 2048K, 0% used [0x00000000d7180000,0x00000000d7180000,0x00000000d7380000)
 ParOldGen       total 68608K, used 12785K [0x0000000080000000, 0x0000000084300000, 0x00000000d5580000)
  object space 68608K, 18% used [0x0000000080000000,0x0000000080c7c740,0x0000000084300000)
 Metaspace       used 26364K, committed 27392K, reserved 1114112K
  class space    used 2634K, committed 3072K, reserved 1048576K
}
Event: 10.138 GC heap before
{Heap before GC invocations=11 (full 1):
 PSYoungGen      total 25088K, used 24892K [0x00000000d5580000, 0x00000000d7380000, 0x0000000100000000)
  eden space 23552K, 100% used [0x00000000d5580000,0x00000000d6c80000,0x00000000d6c80000)
  from space 1536K, 87% used [0x00000000d6f00000,0x00000000d704f388,0x00000000d7080000)
  to   space 2048K, 0% used [0x00000000d7180000,0x00000000d7180000,0x00000000d7380000)
 ParOldGen       total 68608K, used 12785K [0x0000000080000000, 0x0000000084300000, 0x00000000d5580000)
  object space 68608K, 18% used [0x0000000080000000,0x0000000080c7c740,0x0000000084300000)
 Metaspace       used 27833K, committed 28800K, reserved 1114112K
  class space    used 2750K, committed 3136K, reserved 1048576K
}
Event: 10.143 GC heap after
{Heap after GC invocations=11 (full 1):
 PSYoungGen      total 25088K, used 1841K [0x00000000d5580000, 0x00000000d7380000, 0x0000000100000000)
  eden space 23040K, 0% used [0x00000000d5580000,0x00000000d5580000,0x00000000d6c00000)
  from space 2048K, 89% used [0x00000000d7180000,0x00000000d734c440,0x00000000d7380000)
  to   space 2048K, 0% used [0x00000000d6f80000,0x00000000d6f80000,0x00000000d7180000)
 ParOldGen       total 68608K, used 14488K [0x0000000080000000, 0x0000000084300000, 0x00000000d5580000)
  object space 68608K, 21% used [0x0000000080000000,0x0000000080e262b8,0x0000000084300000)
 Metaspace       used 27833K, committed 28800K, reserved 1114112K
  class space    used 2750K, committed 3136K, reserved 1048576K
}

Dll operation events (10 events):
Event: 0.044 Loaded shared library c:\Users\HP\.vscode\extensions\redhat.java-1.45.0-win32-x64\jre\21.0.8-win32-x86_64\bin\java.dll
Event: 0.338 Loaded shared library c:\Users\HP\.vscode\extensions\redhat.java-1.45.0-win32-x64\jre\21.0.8-win32-x86_64\bin\zip.dll
Event: 0.404 Loaded shared library C:\Users\HP\.vscode\extensions\redhat.java-1.45.0-win32-x64\jre\21.0.8-win32-x86_64\bin\instrument.dll
Event: 0.434 Loaded shared library C:\Users\HP\.vscode\extensions\redhat.java-1.45.0-win32-x64\jre\21.0.8-win32-x86_64\bin\net.dll
Event: 0.443 Loaded shared library C:\Users\HP\.vscode\extensions\redhat.java-1.45.0-win32-x64\jre\21.0.8-win32-x86_64\bin\nio.dll
Event: 0.450 Loaded shared library C:\Users\HP\.vscode\extensions\redhat.java-1.45.0-win32-x64\jre\21.0.8-win32-x86_64\bin\zip.dll
Event: 0.509 Loaded shared library C:\Users\HP\.vscode\extensions\redhat.java-1.45.0-win32-x64\jre\21.0.8-win32-x86_64\bin\jimage.dll
Event: 0.682 Loaded shared library c:\Users\HP\.vscode\extensions\redhat.java-1.45.0-win32-x64\jre\21.0.8-win32-x86_64\bin\verify.dll
Event: 4.102 Loaded shared library C:\Users\HP\AppData\Roaming\Code\User\globalStorage\redhat.java\1.45.0\config_win\org.eclipse.equinox.launcher\org.eclipse.equinox.launcher.win32.win32.x86_64_1.2.1400.v20250801-0854\eclipse_11916.dll
Event: 7.555 Loaded shared library C:\Users\HP\AppData\Local\Temp\jna-2312\jna10863256078484127167.dll

Deoptimization events (20 events):
Event: 10.332 Thread 0x000001807e435340 Uncommon trap: trap_request=0xffffff45 fr.pc=0x000001806cea59c0 relative=0x00000000000004c0
Event: 10.332 Thread 0x000001807e435340 Uncommon trap: reason=unstable_if action=reinterpret pc=0x000001806cea59c0 method=java.lang.AbstractStringBuilder.inflateIfNeededFor(Ljava/lang/String;)V @ 14 c2
Event: 10.332 Thread 0x000001807e435340 DEOPT PACKING pc=0x000001806cea59c0 sp=0x00000035cc4fdfc0
Event: 10.332 Thread 0x000001807e435340 DEOPT UNPACKING pc=0x000001806c8c3aa2 sp=0x00000035cc4fdec8 mode 2
Event: 10.332 Thread 0x000001807e435340 Uncommon trap: trap_request=0xffffff45 fr.pc=0x000001806cfa8b64 relative=0x0000000000000144
Event: 10.332 Thread 0x000001807e435340 Uncommon trap: reason=unstable_if action=reinterpret pc=0x000001806cfa8b64 method=java.lang.AbstractStringBuilder.isLatin1()Z @ 10 c2
Event: 10.332 Thread 0x000001807e435340 DEOPT PACKING pc=0x000001806cfa8b64 sp=0x00000035cc4fdf40
Event: 10.332 Thread 0x000001807e435340 DEOPT UNPACKING pc=0x000001806c8c3aa2 sp=0x00000035cc4fde70 mode 2
Event: 10.332 Thread 0x000001807e435340 Uncommon trap: trap_request=0xffffff45 fr.pc=0x000001806cef9410 relative=0x0000000000000450
Event: 10.332 Thread 0x000001807e435340 Uncommon trap: reason=unstable_if action=reinterpret pc=0x000001806cef9410 method=java.lang.AbstractStringBuilder.isLatin1()Z @ 10 c2
Event: 10.332 Thread 0x000001807e435340 DEOPT PACKING pc=0x000001806cef9410 sp=0x00000035cc4fe0f0
Event: 10.332 Thread 0x000001807e435340 DEOPT UNPACKING pc=0x000001806c8c3aa2 sp=0x00000035cc4fe058 mode 2
Event: 10.491 Thread 0x000001807e448690 Uncommon trap: trap_request=0xffffff45 fr.pc=0x000001806cec91a4 relative=0x00000000000008e4
Event: 10.491 Thread 0x000001807e448690 Uncommon trap: reason=unstable_if action=reinterpret pc=0x000001806cec91a4 method=jdk.internal.org.objectweb.asm.SymbolTable.put(Ljdk/internal/org/objectweb/asm/SymbolTable$Entry;)Ljdk/internal/org/objectweb/asm/SymbolTable$Entry; @ 13 c2
Event: 10.491 Thread 0x000001807e448690 DEOPT PACKING pc=0x000001806cec91a4 sp=0x00000035ccafd420
Event: 10.491 Thread 0x000001807e448690 DEOPT UNPACKING pc=0x000001806c8c3aa2 sp=0x00000035ccafd338 mode 2
Event: 10.512 Thread 0x000001807e448690 Uncommon trap: trap_request=0xffffffc6 fr.pc=0x000001806cf150c8 relative=0x0000000000000fe8
Event: 10.512 Thread 0x000001807e448690 Uncommon trap: reason=bimorphic_or_optimized_type_check action=maybe_recompile pc=0x000001806cf150c8 method=java.util.Properties$LineReader.readLine()I @ 479 c2
Event: 10.512 Thread 0x000001807e448690 DEOPT PACKING pc=0x000001806cf150c8 sp=0x00000035ccafd440
Event: 10.512 Thread 0x000001807e448690 DEOPT UNPACKING pc=0x000001806c8c3aa2 sp=0x00000035ccafd3d0 mode 2

Classes loaded (20 events):
Event: 10.302 Loading class sun/reflect/annotation/TypeAnnotation$LocationInfo
Event: 10.303 Loading class sun/reflect/annotation/TypeAnnotation$LocationInfo done
Event: 10.303 Loading class sun/reflect/annotation/TypeAnnotation$LocationInfo$Location
Event: 10.303 Loading class sun/reflect/annotation/TypeAnnotation$LocationInfo$Location done
Event: 10.303 Loading class sun/reflect/annotation/AnnotatedTypeFactory
Event: 10.303 Loading class sun/reflect/annotation/AnnotatedTypeFactory done
Event: 10.303 Loading class sun/reflect/annotation/AnnotatedTypeFactory$AnnotatedTypeBaseImpl
Event: 10.303 Loading class sun/reflect/annotation/AnnotatedTypeFactory$AnnotatedTypeBaseImpl done
Event: 10.334 Loading class java/lang/ProcessEnvironment
Event: 10.335 Loading class java/lang/ProcessEnvironment done
Event: 10.402 Loading class java/lang/annotation/ElementType
Event: 10.402 Loading class java/lang/annotation/ElementType done
Event: 10.433 Loading class java/lang/reflect/ParameterizedType
Event: 10.433 Loading class java/lang/reflect/ParameterizedType done
Event: 10.439 Loading class java/lang/reflect/WildcardType
Event: 10.439 Loading class java/lang/reflect/WildcardType done
Event: 10.445 Loading class sun/reflect/generics/tree/TypeVariableSignature
Event: 10.445 Loading class sun/reflect/generics/tree/TypeVariableSignature done
Event: 10.470 Loading class java/lang/Deprecated
Event: 10.471 Loading class java/lang/Deprecated done

Classes unloaded (7 events):
Event: 8.685 Thread 0x00000180621feda0 Unloading class 0x00000180011aa800 'java/lang/invoke/LambdaForm$MH+0x00000180011aa800'
Event: 8.685 Thread 0x00000180621feda0 Unloading class 0x00000180011aa400 'java/lang/invoke/LambdaForm$MH+0x00000180011aa400'
Event: 8.685 Thread 0x00000180621feda0 Unloading class 0x00000180011aa000 'java/lang/invoke/LambdaForm$MH+0x00000180011aa000'
Event: 8.685 Thread 0x00000180621feda0 Unloading class 0x00000180011a9c00 'java/lang/invoke/LambdaForm$MH+0x00000180011a9c00'
Event: 8.685 Thread 0x00000180621feda0 Unloading class 0x00000180011a9800 'java/lang/invoke/LambdaForm$BMH+0x00000180011a9800'
Event: 8.685 Thread 0x00000180621feda0 Unloading class 0x00000180011a9400 'java/lang/invoke/LambdaForm$DMH+0x00000180011a9400'
Event: 8.685 Thread 0x00000180621feda0 Unloading class 0x00000180011a8000 'java/lang/invoke/LambdaForm$DMH+0x00000180011a8000'

Classes redefined (0 events):
No events

Internal exceptions (20 events):
Event: 8.624 Thread 0x000001807e435340 Exception <a 'java/lang/NoSuchMethodError'{0x00000000d66d8e80}: 'int java.lang.invoke.DirectMethodHandle$Holder.invokeStaticInit(java.lang.Object, float, float)'> (0x00000000d66d8e80) 
thrown [s\src\hotspot\share\interpreter\linkResolver.cpp, line 773]
Event: 8.625 Thread 0x000001807e435340 Exception <a 'java/lang/NoSuchMethodError'{0x00000000d66e0830}: 'int java.lang.invoke.DirectMethodHandle$Holder.invokeStaticInit(java.lang.Object, double, double)'> (0x00000000d66e0830) 
thrown [s\src\hotspot\share\interpreter\linkResolver.cpp, line 773]
Event: 8.625 Thread 0x000001807e435340 Exception <a 'java/lang/NoSuchMethodError'{0x00000000d66e5c80}: 'int java.lang.invoke.DirectMethodHandle$Holder.invokeStatic(java.lang.Object, long)'> (0x00000000d66e5c80) 
thrown [s\src\hotspot\share\interpreter\linkResolver.cpp, line 773]
Event: 8.627 Thread 0x000001807e435340 Exception <a 'java/lang/NoSuchMethodError'{0x00000000d67049e8}: 'int java.lang.invoke.Invokers$Holder.linkToTargetMethod(java.lang.Object, java.lang.Object)'> (0x00000000d67049e8) 
thrown [s\src\hotspot\share\interpreter\linkResolver.cpp, line 773]
Event: 8.776 Thread 0x000001807e435340 Exception <a 'java/lang/NoSuchMethodError'{0x00000000d55a9030}: 'java.lang.Object java.lang.invoke.Invokers$Holder.invoke_MT(java.lang.Object, java.lang.Object, java.lang.Object, java.lang.Object, java.lang.Object, java.lang.Object, java.lang.Object, java.lang.Object, java.lang.Object, java.lang.Object, java.lang.Object)'> (0x00000000d55a9030) 
thrown [s\src\hotspot\share\interpreter\linkResolver.cpp, line 773]
Event: 8.800 Thread 0x000001807e435340 Exception <a 'java/lang/NoSuchMethodError'{0x00000000d5637148}: 'java.lang.Object java.lang.invoke.Invokers$Holder.invoke_MT(java.lang.Object, java.lang.Object, java.lang.Object, java.lang.Object, java.lang.Object, java.lang.Object, java.lang.Object, java.lang.Object, java.lang.Object, java.lang.Object)'> (0x00000000d5637148) 
thrown [s\src\hotspot\share\interpreter\linkResolver.cpp, line 773]
Event: 8.856 Thread 0x000001807e435340 Exception <a 'java/lang/NoSuchMethodError'{0x00000000d56e05b8}: 'java.lang.Object java.lang.invoke.DirectMethodHandle$Holder.newInvokeSpecial(java.lang.Object, java.lang.Object, java.lang.Object, java.lang.Object, java.lang.Object, java.lang.Object, java.lang.Object)'> (0x00000000d56e05b8) 
thrown [s\src\hotspot\share\interpreter\linkResolver.cpp, line 773]
Event: 8.875 Thread 0x000001807e435340 Exception <a 'java/lang/NoSuchMethodError'{0x00000000d5758970}: 'java.lang.Object java.lang.invoke.Invokers$Holder.invoker(java.lang.Object, java.lang.Object, java.lang.Object, java.lang.Object, java.lang.Object, java.lang.Object, java.lang.Object, java.lang.Object, java.lang.Object, java.lang.Object, java.lang.Object, java.lang.Object, java.lang.Object)'> (0x00000000d5758970) 
thrown [s\src\hotspot\share\interpreter\linkResolver.cpp, line 773]
Event: 8.876 Thread 0x000001807e435340 Exception <a 'java/lang/NoSuchMethodError'{0x00000000d5762e08}: 'java.lang.Object java.lang.invoke.DelegatingMethodHandle$Holder.delegate(java.lang.Object, java.lang.Object, java.lang.Object, java.lang.Object, java.lang.Object, java.lang.Object, java.lang.Object, java.lang.Object, java.lang.Object, java.lang.Object, java.lang.Object, java.lang.Object, java.lang.Object)'> (0x00000000d5762e08) 
thrown [s\src\hotspot\share\interpreter\linkResolver.cpp, line 773]
Event: 8.901 Thread 0x000001807e435340 Exception <a 'java/lang/NoSuchMethodError'{0x00000000d57cd650}: static Lorg/eclipse/m2e/core/internal/lifecyclemapping/model/PluginExecutionMetadata;.<clinit>()V> (0x00000000d57cd650) 
thrown [s\src\hotspot\share\prims\jni.cpp, line 1111]
Event: 8.914 Thread 0x000001807e435340 Exception <a 'java/lang/NoSuchMethodError'{0x00000000d58293f0}: static Lorg/eclipse/m2e/core/internal/lifecyclemapping/model/PluginExecutionFilter;.<clinit>()V> (0x00000000d58293f0) 
thrown [s\src\hotspot\share\prims\jni.cpp, line 1111]
Event: 8.921 Thread 0x000001807e435340 Exception <a 'java/lang/NoSuchMethodError'{0x00000000d5858fc0}: static Lorg/eclipse/m2e/core/internal/project/registry/MavenProjectFacade$MavenProjectConfiguration;.<clinit>()V> (0x00000000d5858fc0) 
thrown [s\src\hotspot\share\prims\jni.cpp, line 1111]
Event: 9.037 Thread 0x000001807e435340 Exception <a 'java/lang/NoSuchMethodError'{0x00000000d5db80b0}: 'double java.lang.invoke.DirectMethodHandle$Holder.invokeStatic(java.lang.Object, java.lang.Object)'> (0x00000000d5db80b0) 
thrown [s\src\hotspot\share\interpreter\linkResolver.cpp, line 773]
Event: 9.037 Thread 0x000001807e435340 Exception <a 'java/lang/NoSuchMethodError'{0x00000000d5dbb9e0}: 'double java.lang.invoke.DirectMethodHandle$Holder.invokeStaticInit(java.lang.Object, java.lang.Object)'> (0x00000000d5dbb9e0) 
thrown [s\src\hotspot\share\interpreter\linkResolver.cpp, line 773]
Event: 9.602 Thread 0x000001807e435340 Implicit null exception at 0x000001806cff08f5 to 0x000001806cff09e8
Event: 9.734 Thread 0x000001807e435340 Exception <a 'java/lang/NoSuchMethodError'{0x00000000d6339fc8}: 'java.lang.Object java.lang.invoke.DirectMethodHandle$Holder.newInvokeSpecial(java.lang.Object, int, java.lang.Object, java.lang.Object)'> (0x00000000d6339fc8) 
thrown [s\src\hotspot\share\interpreter\linkResolver.cpp, line 773]
Event: 10.090 Thread 0x000001807e448690 Exception <a 'java/lang/NoSuchMethodError'{0x00000000d6778468}: 'java.lang.Object java.lang.invoke.DirectMethodHandle$Holder.invokeSpecialIFC(java.lang.Object, java.lang.Object, java.lang.Object, java.lang.Object)'> (0x00000000d6778468) 
thrown [s\src\hotspot\share\interpreter\linkResolver.cpp, line 773]
Event: 10.245 Thread 0x000001807e435340 Exception <a 'java/lang/ClassNotFoundException'{0x00000000d5cdc208}: com/sun/org/apache/xerces/internal/impl/msg/spi/DOMMessagesProvider> (0x00000000d5cdc208) 
thrown [s\src\hotspot\share\classfile\systemDictionary.cpp, line 312]
Event: 10.248 Thread 0x000001807e435340 Exception <a 'java/lang/ClassNotFoundException'{0x00000000d5ced970}: com/sun/org/apache/xerces/internal/impl/msg/spi/XMLSerializerMessagesProvider> (0x00000000d5ced970) 
thrown [s\src\hotspot\share\classfile\systemDictionary.cpp, line 312]
Event: 10.249 Thread 0x000001807e435340 Exception <a 'java/lang/ClassNotFoundException'{0x00000000d5cfac90}: com/sun/org/apache/xerces/internal/impl/msg/spi/XMLMessagesProvider> (0x00000000d5cfac90) 
thrown [s\src\hotspot\share\classfile\systemDictionary.cpp, line 312]

ZGC Phase Switch (0 events):
No events

VM Operations (20 events):
Event: 8.024 Executing VM operation: HandshakeAllThreads (Deoptimize) done
Event: 8.046 Executing VM operation: HandshakeAllThreads (Deoptimize)
Event: 8.046 Executing VM operation: HandshakeAllThreads (Deoptimize) done
Event: 8.140 Executing VM operation: ICBufferFull
Event: 8.140 Executing VM operation: ICBufferFull done
Event: 8.223 Executing VM operation: ParallelGCFailedAllocation (Allocation Failure)
Event: 8.233 Executing VM operation: ParallelGCFailedAllocation (Allocation Failure) done
Event: 8.598 Executing VM operation: HandshakeAllThreads (Deoptimize)
Event: 8.598 Executing VM operation: HandshakeAllThreads (Deoptimize) done
Event: 8.667 Executing VM operation: CollectForMetadataAllocation (Metadata GC Threshold)
Event: 8.736 Executing VM operation: CollectForMetadataAllocation (Metadata GC Threshold) done
Event: 9.300 Executing VM operation: ParallelGCFailedAllocation (Allocation Failure)
Event: 9.303 Executing VM operation: ParallelGCFailedAllocation (Allocation Failure) done
Event: 9.663 Executing VM operation: ParallelGCFailedAllocation (Allocation Failure)
Event: 9.665 Executing VM operation: ParallelGCFailedAllocation (Allocation Failure) done
Event: 10.036 Executing VM operation: HandshakeAllThreads (Deoptimize)
Event: 10.036 Executing VM operation: HandshakeAllThreads (Deoptimize) done
Event: 10.138 Executing VM operation: ParallelGCFailedAllocation (Allocation Failure)
Event: 10.143 Executing VM operation: ParallelGCFailedAllocation (Allocation Failure) done
Event: 10.354 Executing VM operation: HandshakeAllThreads (Deoptimize)

Memory protections (0 events):
No events

Nmethod flushes (0 events):
No events

Events (20 events):
Event: 4.217 Thread 0x000001807e3c8790 Thread added: 0x000001807e499620
Event: 4.233 Thread 0x0000018062140480 Thread added: 0x000001807e435340
Event: 4.511 Thread 0x00000180620a6990 Thread added: 0x000001807e55cac0
Event: 4.918 Thread 0x000001807e435340 Thread added: 0x000001807e85f000
Event: 5.331 Thread 0x000001807e435340 Thread added: 0x000001807ee038f0
Event: 5.510 Thread 0x000001807e55cac0 Thread exited: 0x000001807e55cac0
Event: 5.549 Thread 0x000001807e435340 Thread added: 0x000001807e732150
Event: 6.562 Thread 0x00000180620a6990 Thread added: 0x000001807e076d50
Event: 6.760 Thread 0x000001807e076d50 Thread exited: 0x000001807e076d50
Event: 6.779 Thread 0x000001807e435340 Thread added: 0x000001807e4458a0
Event: 7.253 Thread 0x00000180620a6990 Thread added: 0x000001807e155890
Event: 7.451 Thread 0x000001807e155890 Thread exited: 0x000001807e155890
Event: 7.595 Thread 0x000001807e435340 Thread added: 0x000001807e445f30
Event: 7.646 Thread 0x000001807e435340 Thread added: 0x000001807e448690
Event: 7.721 Thread 0x000001807e435340 Thread added: 0x000001807e4465c0
Event: 7.926 Thread 0x00000180620a6990 Thread added: 0x000001807e1254c0
Event: 9.454 Thread 0x000001807e1254c0 Thread exited: 0x000001807e1254c0
Event: 10.120 Thread 0x000001807e4465c0 Thread added: 0x000001807e446c50
Event: 10.284 Thread 0x00000180620a6990 Thread added: 0x000001807eeeedc0
Event: 10.311 Thread 0x000001807e435340 Thread added: 0x000001807e448000


Dynamic libraries:
0x00007ff6dd080000 - 0x00007ff6dd08e000 	c:\Users\HP\.vscode\extensions\redhat.java-1.45.0-win32-x64\jre\21.0.8-win32-x86_64\bin\java.exe
0x00007ffbe00d0000 - 0x00007ffbe02c8000 	C:\Windows\SYSTEM32\ntdll.dll
0x00007ffbdeb40000 - 0x00007ffbdec02000 	C:\Windows\System32\KERNEL32.DLL
0x00007ffbdd870000 - 0x00007ffbddb66000 	C:\Windows\System32\KERNELBASE.dll
0x00007ffbdd770000 - 0x00007ffbdd870000 	C:\Windows\System32\ucrtbase.dll
0x00007ffbcf490000 - 0x00007ffbcf4a8000 	c:\Users\HP\.vscode\extensions\redhat.java-1.45.0-win32-x64\jre\21.0.8-win32-x86_64\bin\jli.dll
0x00007ffbde920000 - 0x00007ffbdeabd000 	C:\Windows\System32\USER32.dll
0x00007ffbddc30000 - 0x00007ffbddc52000 	C:\Windows\System32\win32u.dll
0x00007ffbdf980000 - 0x00007ffbdf9ab000 	C:\Windows\System32\GDI32.dll
0x00007ffbddc60000 - 0x00007ffbddd79000 	C:\Windows\System32\gdi32full.dll
0x00007ffbddd80000 - 0x00007ffbdde1d000 	C:\Windows\System32\msvcp_win.dll
0x00007ffbd2ae0000 - 0x00007ffbd2afe000 	c:\Users\HP\.vscode\extensions\redhat.java-1.45.0-win32-x64\jre\21.0.8-win32-x86_64\bin\VCRUNTIME140.dll
0x00007ffbb9e30000 - 0x00007ffbba0cb000 	C:\Windows\WinSxS\amd64_microsoft.windows.common-controls_6595b64144ccf1df_6.0.19041.6280_none_60bc30a171f2f3f3\COMCTL32.dll
0x00007ffbde1d0000 - 0x00007ffbde26e000 	C:\Windows\System32\msvcrt.dll
0x00007ffbdf120000 - 0x00007ffbdf14f000 	C:\Windows\System32\IMM32.DLL
0x00007ffbd2ef0000 - 0x00007ffbd2efc000 	c:\Users\HP\.vscode\extensions\redhat.java-1.45.0-win32-x64\jre\21.0.8-win32-x86_64\bin\vcruntime140_1.dll
0x00007ffb93670000 - 0x00007ffb936fd000 	c:\Users\HP\.vscode\extensions\redhat.java-1.45.0-win32-x64\jre\21.0.8-win32-x86_64\bin\msvcp140.dll
0x00007ffb91da0000 - 0x00007ffb92b37000 	c:\Users\HP\.vscode\extensions\redhat.java-1.45.0-win32-x64\jre\21.0.8-win32-x86_64\bin\server\jvm.dll
0x00007ffbdf8c0000 - 0x00007ffbdf971000 	C:\Windows\System32\ADVAPI32.dll
0x00007ffbde880000 - 0x00007ffbde91f000 	C:\Windows\System32\sechost.dll
0x00007ffbdfdf0000 - 0x00007ffbdff10000 	C:\Windows\System32\RPCRT4.dll
0x00007ffbddc00000 - 0x00007ffbddc27000 	C:\Windows\System32\bcrypt.dll
0x00007ffbdead0000 - 0x00007ffbdeb3b000 	C:\Windows\System32\WS2_32.dll
0x00007ffbdd5d0000 - 0x00007ffbdd61b000 	C:\Windows\SYSTEM32\POWRPROF.dll
0x00007ffbb73f0000 - 0x00007ffbb7417000 	C:\Windows\SYSTEM32\WINMM.dll
0x00007ffbd5760000 - 0x00007ffbd576a000 	C:\Windows\SYSTEM32\VERSION.dll
0x00007ffbdd5b0000 - 0x00007ffbdd5c2000 	C:\Windows\SYSTEM32\UMPDC.dll
0x00007ffbdbfa0000 - 0x00007ffbdbfb2000 	C:\Windows\SYSTEM32\kernel.appcore.dll
0x00007ffbd4c00000 - 0x00007ffbd4c0a000 	c:\Users\HP\.vscode\extensions\redhat.java-1.45.0-win32-x64\jre\21.0.8-win32-x86_64\bin\jimage.dll
0x00007ffbdb470000 - 0x00007ffbdb671000 	C:\Windows\SYSTEM32\DBGHELP.DLL
0x00007ffbd37c0000 - 0x00007ffbd37f4000 	C:\Windows\SYSTEM32\dbgcore.DLL
0x00007ffbddb70000 - 0x00007ffbddbf2000 	C:\Windows\System32\bcryptPrimitives.dll
0x00007ffbd1ac0000 - 0x00007ffbd1acf000 	c:\Users\HP\.vscode\extensions\redhat.java-1.45.0-win32-x64\jre\21.0.8-win32-x86_64\bin\instrument.dll
0x00007ffbb7d30000 - 0x00007ffbb7d4f000 	c:\Users\HP\.vscode\extensions\redhat.java-1.45.0-win32-x64\jre\21.0.8-win32-x86_64\bin\java.dll
0x00007ffbdf150000 - 0x00007ffbdf8c0000 	C:\Windows\System32\SHELL32.dll
0x00007ffbdb680000 - 0x00007ffbdbe25000 	C:\Windows\SYSTEM32\windows.storage.dll
0x00007ffbdf9b0000 - 0x00007ffbdfd03000 	C:\Windows\System32\combase.dll
0x00007ffbdcff0000 - 0x00007ffbdd01b000 	C:\Windows\SYSTEM32\Wldp.dll
0x00007ffbde100000 - 0x00007ffbde1cd000 	C:\Windows\System32\OLEAUT32.dll
0x00007ffbde740000 - 0x00007ffbde7ed000 	C:\Windows\System32\SHCORE.dll
0x00007ffbdfd30000 - 0x00007ffbdfd8b000 	C:\Windows\System32\shlwapi.dll
0x00007ffbdd6a0000 - 0x00007ffbdd6c4000 	C:\Windows\SYSTEM32\profapi.dll
0x00007ffbb7d10000 - 0x00007ffbb7d28000 	c:\Users\HP\.vscode\extensions\redhat.java-1.45.0-win32-x64\jre\21.0.8-win32-x86_64\bin\zip.dll
0x00007ffbcf720000 - 0x00007ffbcf730000 	C:\Users\HP\.vscode\extensions\redhat.java-1.45.0-win32-x64\jre\21.0.8-win32-x86_64\bin\net.dll
0x00007ffbd2d20000 - 0x00007ffbd2e2a000 	C:\Windows\SYSTEM32\WINHTTP.dll
0x00007ffbdcdd0000 - 0x00007ffbdce3a000 	C:\Windows\system32\mswsock.dll
0x00007ffbb7cf0000 - 0x00007ffbb7d06000 	C:\Users\HP\.vscode\extensions\redhat.java-1.45.0-win32-x64\jre\21.0.8-win32-x86_64\bin\nio.dll
0x00007ffbada60000 - 0x00007ffbada70000 	c:\Users\HP\.vscode\extensions\redhat.java-1.45.0-win32-x64\jre\21.0.8-win32-x86_64\bin\verify.dll
0x00007ffb957b0000 - 0x00007ffb957f4000 	C:\Users\HP\AppData\Roaming\Code\User\globalStorage\redhat.java\1.45.0\config_win\org.eclipse.equinox.launcher\org.eclipse.equinox.launcher.win32.win32.x86_64_1.2.1400.v20250801-0854\eclipse_11916.dll
0x00007ffbdec10000 - 0x00007ffbded3b000 	C:\Windows\System32\ole32.dll
0x00007ffbdd030000 - 0x00007ffbdd048000 	C:\Windows\SYSTEM32\CRYPTSP.dll
0x00007ffbdc710000 - 0x00007ffbdc748000 	C:\Windows\system32\rsaenh.dll
0x00007ffbdd620000 - 0x00007ffbdd64e000 	C:\Windows\SYSTEM32\USERENV.dll
0x00007ffbdcf60000 - 0x00007ffbdcf6c000 	C:\Windows\SYSTEM32\CRYPTBASE.dll
0x00007ffbdcad0000 - 0x00007ffbdcb0b000 	C:\Windows\SYSTEM32\IPHLPAPI.DLL
0x00007ffbdfd10000 - 0x00007ffbdfd18000 	C:\Windows\System32\NSI.dll
0x00007ffb6be60000 - 0x00007ffb6bea9000 	C:\Users\HP\AppData\Local\Temp\jna-2312\jna10863256078484127167.dll
0x00007ffbdfd20000 - 0x00007ffbdfd28000 	C:\Windows\System32\PSAPI.DLL

JVMTI agents:
c:\Users\HP\.vscode\extensions\redhat.java-1.45.0-win32-x64\lombok\lombok-1.18.39-4050.jar path:c:\Users\HP\.vscode\extensions\redhat.java-1.45.0-win32-x64\jre\21.0.8-win32-x86_64\bin\instrument.dll, loaded, initialized, instrumentlib options:none

dbghelp: loaded successfully - version: 4.0.5 - missing functions: none
symbol engine: initialized successfully - sym options: 0x614 - pdb path: .;c:\Users\HP\.vscode\extensions\redhat.java-1.45.0-win32-x64\jre\21.0.8-win32-x86_64\bin;C:\Windows\SYSTEM32;C:\Windows\WinSxS\amd64_microsoft.windows.common-controls_6595b64144ccf1df_6.0.19041.6280_none_60bc30a171f2f3f3;c:\Users\HP\.vscode\extensions\redhat.java-1.45.0-win32-x64\jre\21.0.8-win32-x86_64\bin\server;C:\Users\HP\AppData\Roaming\Code\User\globalStorage\redhat.java\1.45.0\config_win\org.eclipse.equinox.launcher\org.eclipse.equinox.launcher.win32.win32.x86_64_1.2.1400.v20250801-0854;C:\Users\HP\AppData\Local\Temp\jna-2312

VM Arguments:
jvm_args: --add-modules=ALL-SYSTEM --add-opens=java.base/java.util=ALL-UNNAMED --add-opens=java.base/java.lang=ALL-UNNAMED --add-opens=java.base/sun.nio.fs=ALL-UNNAMED -Declipse.application=org.eclipse.jdt.ls.core.id1 -Dosgi.bundles.defaultStartLevel=4 -Declipse.product=org.eclipse.jdt.ls.core.product -Djava.import.generatesMetadataFilesAtProjectRoot=false -DDetectVMInstallationsJob.disabled=true -Dfile.encoding=utf8 -XX:+UseParallelGC -XX:GCTimeRatio=4 -XX:AdaptiveSizePolicyWeight=90 -Dsun.zip.disableMemoryMapping=true -Xmx2G -Xms100m -Xlog:disable -javaagent:c:\Users\HP\.vscode\extensions\redhat.java-1.45.0-win32-x64\lombok\lombok-1.18.39-4050.jar -XX:+HeapDumpOnOutOfMemoryError -XX:HeapDumpPath=c:\Users\HP\AppData\Roaming\Code\User\workspaceStorage\96bb7b7df42f0da9f61a0eda5ae826f9\redhat.java -Daether.dependencyCollector.impl=bf 
java_command: c:\Users\HP\.vscode\extensions\redhat.java-1.45.0-win32-x64\server\plugins\org.eclipse.equinox.launcher_1.7.0.v20250519-0528.jar -configuration c:\Users\HP\AppData\Roaming\Code\User\globalStorage\redhat.java\1.45.0\config_win -data c:\Users\HP\AppData\Roaming\Code\User\workspaceStorage\96bb7b7df42f0da9f61a0eda5ae826f9\redhat.java\jdt_ws --pipe=\\.\pipe\lsp-7da38b08a33ef066a54f3ead473dd44e-sock
java_class_path (initial): c:\Users\HP\.vscode\extensions\redhat.java-1.45.0-win32-x64\server\plugins\org.eclipse.equinox.launcher_1.7.0.v20250519-0528.jar
Launcher Type: SUN_STANDARD

[Global flags]
    uintx AdaptiveSizePolicyWeight                 = 90                                        {product} {command line}
     intx CICompilerCount                          = 3                                         {product} {ergonomic}
    uintx GCTimeRatio                              = 4                                         {product} {command line}
     bool HeapDumpOnOutOfMemoryError               = true                                   {manageable} {command line}
    ccstr HeapDumpPath                             = c:\Users\HP\AppData\Roaming\Code\User\workspaceStorage\96bb7b7df42f0da9f61a0eda5ae826f9\redhat.java         {manageable} {command line}
   size_t InitialHeapSize                          = 104857600                                 {product} {command line}
   size_t MaxHeapSize                              = 2147483648                                {product} {command line}
   size_t MaxNewSize                               = 715653120                                 {product} {ergonomic}
   size_t MinHeapDeltaBytes                        = 524288                                    {product} {ergonomic}
   size_t MinHeapSize                              = 104857600                                 {product} {command line}
   size_t NewSize                                  = 34603008                                  {product} {ergonomic}
    uintx NonNMethodCodeHeapSize                   = 5832780                                {pd product} {ergonomic}
    uintx NonProfiledCodeHeapSize                  = 122912730                              {pd product} {ergonomic}
   size_t OldSize                                  = 70254592                                  {product} {ergonomic}
    uintx ProfiledCodeHeapSize                     = 122912730                              {pd product} {ergonomic}
    uintx ReservedCodeCacheSize                    = 251658240                              {pd product} {ergonomic}
     bool SegmentedCodeCache                       = true                                      {product} {ergonomic}
   size_t SoftMaxHeapSize                          = 2147483648                             {manageable} {ergonomic}
     bool UseCompressedOops                        = true                           {product lp64_product} {ergonomic}
     bool UseLargePagesIndividualAllocation        = false                                  {pd product} {ergonomic}
     bool UseParallelGC                            = true                                      {product} {command line}

Logging:
Log output configuration:
 #0: stdout all=off uptime,level,tags foldmultilines=false
 #1: stderr all=off uptime,level,tags foldmultilines=false

Environment Variables:
JAVA_HOME=C:\Program Files (x86)\Java\jdk1.8.0_25
PATH=C:\Program Files\Common Files\Oracle\Java\javapath;C:\Windows\system32;C:\Windows;C:\Windows\System32\Wbem;C:\Windows\System32\WindowsPowerShell\v1.0\;C:\Windows\System32\OpenSSH\;C:\Program Files (x86)\Intel\Intel(R) Management Engine Components\DAL;C:\Program Files\Intel\Intel(R) Management Engine Components\DAL;C:\Program Files\dotnet\;C:\Program Files\Git\cmd;C:\Users\HP\AppData\Roaming\nvm;C:\Program Files\nodejs;C:\Program Files\nodejs\;C:\src\flutter\bin;C:\Program Files\dart-sdk\bin;C:\Program Files\Docker\Docker\resources\bin;C:\Program Files\Maven\apache-maven-3.9.11\apache-maven\src\bin;C:\Users\HP\AppData\Local\Microsoft\WindowsApps;C:\Users\HP\AppData\Local\Programs\Microsoft VS Code\bin;C:\Users\HP\AppData\Roaming\nvm;C:\Program Files\nodejs;C:\Users\HP\AppData\Roaming\npm;C:\Program Files\heroku\bin;C:\src\flutter\bin;D:\AndroidSdk;D:\AndroidSdk\platform-tools;
USERNAME=HP
OS=Windows_NT
PROCESSOR_IDENTIFIER=Intel64 Family 6 Model 142 Stepping 9, GenuineIntel
TMP=C:\Users\HP\AppData\Local\Temp
TEMP=C:\Users\HP\AppData\Local\Temp




Periodic native trim disabled

---------------  S Y S T E M  ---------------

OS:
 Windows 10 , 64 bit Build 19041 (10.0.19041.5915)
OS uptime: 0 days 0:53 hours
Hyper-V role detected

CPU: total 4 (initial active 4) (2 cores per cpu, 2 threads per core) family 6 model 142 stepping 9 microcode 0xf4, cx8, cmov, fxsr, ht, mmx, 3dnowpref, sse, sse2, sse3, ssse3, sse4.1, sse4.2, popcnt, lzcnt, tsc, tscinvbit, avx, avx2, aes, erms, clmul, bmi1, bmi2, adx, fma, vzeroupper, clflush, clflushopt, hv, rdtscp, f16c
Processor Information for the first 4 processors :
  Max Mhz: 2712, Current Mhz: 2511, Mhz Limit: 2495

Memory: 4k page, system-wide physical 16277M (6866M free)
TotalPageFile size 33685M (AvailPageFile size 21391M)
current process WorkingSet (physical memory assigned to process): 182M, peak: 184M
current process commit charge ("private bytes"): 301M, peak: 302M

vm_info: OpenJDK 64-Bit Server VM (21.0.8+9-LTS) for windows-amd64 JRE (21.0.8+9-LTS), built on 2025-07-15T00:00:00Z by "admin" with MS VC++ 17.7 (VS2022)

END.
